Jun 03 12:43:15 Updated: libgcc-4.8.5-36.el7_6.2.x86_64
Jun 03 12:43:53 Updated: glibc-common-2.17-260.el7_6.5.x86_64
Jun 03 12:44:01 Updated: glibc-2.17-260.el7_6.5.x86_64
Jun 03 12:44:02 Installed: mpfr-3.1.1-4.el7.x86_64
Jun 03 12:44:03 Installed: libmpc-1.0.1-3.el7.x86_64
Jun 03 12:44:09 Installed: cpp-4.8.5-36.el7_6.2.x86_64
Jun 03 12:44:09 Installed: 1:perl-parent-0.225-244.el7.noarch
Jun 03 12:44:10 Installed: perl-HTTP-Tiny-0.033-3.el7.noarch
Jun 03 12:44:10 Installed: perl-podlators-2.5.1-3.el7.noarch
Jun 03 12:44:11 Installed: perl-Pod-Perldoc-3.20-4.el7.noarch
Jun 03 12:44:11 Installed: 1:perl-Pod-Escapes-1.04-294.el7_6.noarch
Jun 03 12:44:13 Installed: perl-Encode-2.51-7.el7.x86_64
Jun 03 12:44:13 Installed: perl-Text-ParseWords-3.29-4.el7.noarch
Jun 03 12:44:14 Installed: perl-Pod-Usage-1.63-3.el7.noarch
Jun 03 12:44:15 Installed: 4:perl-libs-5.16.3-294.el7_6.x86_64
Jun 03 12:44:15 Installed: 4:perl-macros-5.16.3-294.el7_6.x86_64
Jun 03 12:44:15 Installed: perl-Storable-2.45-3.el7.x86_64
Jun 03 12:44:16 Installed: perl-constant-1.27-2.el7.noarch
Jun 03 12:44:16 Installed: perl-Time-Local-1.2300-2.el7.noarch
Jun 03 12:44:16 Installed: perl-Socket-2.010-4.el7.x86_64
Jun 03 12:44:16 Installed: perl-Carp-1.26-244.el7.noarch
Jun 03 12:44:17 Installed: 4:perl-Time-HiRes-1.9725-3.el7.x86_64
Jun 03 12:44:17 Installed: perl-PathTools-3.40-5.el7.x86_64
Jun 03 12:44:18 Installed: perl-Scalar-List-Utils-1.27-248.el7.x86_64
Jun 03 12:44:18 Installed: 1:perl-Pod-Simple-3.28-4.el7.noarch
Jun 03 12:44:19 Installed: perl-Exporter-5.68-3.el7.noarch
Jun 03 12:44:19 Installed: perl-File-Temp-0.23.01-3.el7.noarch
Jun 03 12:44:20 Installed: perl-File-Path-2.09-2.el7.noarch
Jun 03 12:44:20 Installed: perl-threads-shared-1.43-6.el7.x86_64
Jun 03 12:44:20 Installed: perl-threads-1.87-4.el7.x86_64
Jun 03 12:44:21 Installed: perl-Filter-1.49-3.el7.x86_64
Jun 03 12:44:21 Installed: perl-Getopt-Long-2.40-3.el7.noarch
Jun 03 12:44:40 Installed: 4:perl-5.16.3-294.el7_6.x86_64
Jun 03 12:44:40 Updated: libgomp-4.8.5-36.el7_6.2.x86_64
Jun 03 12:44:46 Installed: kernel-headers-3.10.0-957.12.2.el7.x86_64
Jun 03 12:44:50 Installed: glibc-headers-2.17-260.el7_6.5.x86_64
Jun 03 12:44:51 Installed: glibc-devel-2.17-260.el7_6.5.x86_64
Jun 03 12:45:03 Installed: gcc-4.8.5-36.el7_6.2.x86_64
Jun 03 12:48:01 Installed: kernel-devel-3.10.0-957.5.1.el7.x86_64
Jun 03 12:51:07 Installed: kernel-devel-3.10.0-957.12.2.el7.x86_64
Jun 03 13:09:10 Installed: mailx-12.5-19.el7.x86_64
Jun 03 13:09:10 Installed: libreport-filesystem-2.1.11-42.el7.centos.x86_64
Jun 03 13:09:12 Installed: mdadm-4.1-rc1_2.el7.x86_64
Jun 03 13:09:14 Installed: 1:smartmontools-6.5-1.el7.x86_64
Jun 03 13:09:14 Installed: hdparm-9.43-5.el7.x86_64
Jun 03 13:09:15 Installed: gdisk-0.8.10-2.el7.x86_64
Jun 06 18:35:53 Updated: systemd-libs-219-62.el7_6.6.x86_64
Jun 06 18:35:54 Updated: libuuid-2.23.2-59.el7_6.1.x86_64
Jun 06 18:35:54 Updated: libblkid-2.23.2-59.el7_6.1.x86_64
Jun 06 18:35:56 Updated: 1:openssl-libs-1.0.2k-16.el7_6.1.x86_64
Jun 06 18:36:00 Updated: 2:shadow-utils-4.1.5.1-25.el7_6.1.x86_64
Jun 06 18:36:23 Updated: python-libs-2.7.5-77.el7_6.x86_64
Jun 06 18:36:24 Updated: python-2.7.5-77.el7_6.x86_64
Jun 06 18:36:24 Updated: libmount-2.23.2-59.el7_6.1.x86_64
Jun 06 18:36:27 Updated: 1:NetworkManager-libnm-1.12.0-10.el7_6.x86_64
Jun 06 18:36:28 Updated: python-perf-3.10.0-957.12.2.el7.x86_64
Jun 06 18:36:29 Updated: 1:dbus-libs-1.10.24-13.el7_6.x86_64
Jun 06 18:36:52 Updated: systemd-219-62.el7_6.6.x86_64
Jun 06 18:36:54 Updated: 1:dbus-1.10.24-13.el7_6.x86_64
Jun 06 18:36:57 Updated: polkit-0.112-18.el7_6.1.x86_64
Jun 06 18:37:04 Updated: 1:NetworkManager-1.12.0-10.el7_6.x86_64
Jun 06 18:37:05 Updated: kernel-tools-libs-3.10.0-957.12.2.el7.x86_64
Jun 06 18:38:45 Updated: selinux-policy-3.13.1-229.el7_6.12.noarch
Jun 06 18:38:45 Updated: libsmartcols-2.23.2-59.el7_6.1.x86_64
Jun 06 18:38:51 Updated: util-linux-2.23.2-59.el7_6.1.x86_64
Jun 06 18:38:52 Updated: 7:device-mapper-libs-1.02.149-10.el7_6.7.x86_64
Jun 06 18:38:52 Updated: 7:device-mapper-1.02.149-10.el7_6.7.x86_64
Jun 06 18:38:57 Updated: tuned-2.10.0-6.el7_6.3.noarch
Jun 06 18:41:18 Updated: selinux-policy-targeted-3.13.1-229.el7_6.12.noarch
Jun 06 18:41:20 Updated: kernel-tools-3.10.0-957.12.2.el7.x86_64
Jun 06 18:41:21 Updated: 1:NetworkManager-tui-1.12.0-10.el7_6.x86_64
Jun 06 18:41:21 Updated: 1:NetworkManager-team-1.12.0-10.el7_6.x86_64
Jun 06 18:41:22 Updated: rsync-3.1.2-6.el7_6.1.x86_64
Jun 06 18:41:22 Updated: systemd-sysv-219-62.el7_6.6.x86_64
Jun 06 18:41:23 Updated: libssh2-1.4.3-12.el7_6.2.x86_64
Jun 06 18:41:24 Updated: 1:openssl-1.0.2k-16.el7_6.1.x86_64
Jun 06 18:41:27 Updated: xfsprogs-4.5.0-19.el7_6.x86_64
Jun 06 18:41:29 Updated: iproute-4.11.0-14.el7_6.2.x86_64
Jun 06 18:42:12 Installed: kernel-3.10.0-957.12.2.el7.x86_64
Jun 06 18:42:26 Updated: tzdata-2019a-1.el7.noarch
Jun 06 18:42:27 Updated: nss-pem-1.0.3-5.el7_6.1.x86_64
Jun 06 18:42:28 Updated: libstdc++-4.8.5-36.el7_6.2.x86_64
Jun 06 19:16:20 Installed: wget-1.14-18.el7_6.1.x86_64
Jun 06 19:40:12 Installed: gpm-libs-1.20.7-5.el7.x86_64
Jun 06 19:40:16 Installed: 1:mc-4.8.7-11.el7.x86_64
Jun 06 19:55:01 Installed: libquadmath-4.8.5-36.el7_6.2.x86_64
Jun 06 19:55:02 Installed: apr-1.4.8-3.el7_4.1.x86_64
Jun 06 19:55:03 Installed: m4-1.4.16-10.el7.x86_64
Jun 06 19:55:03 Installed: apr-util-1.5.2-6.el7.x86_64
Jun 06 19:55:04 Installed: unzip-6.0-19.el7.x86_64
Jun 06 19:55:04 Installed: zip-3.0-11.el7.x86_64
Jun 06 19:55:05 Installed: patch-2.7.1-10.el7_5.x86_64
Jun 06 19:55:05 Installed: 1:perl-Error-0.17020-2.el7.noarch
Jun 06 19:55:06 Installed: boost-system-1.53.0-27.el7.x86_64
Jun 06 19:55:06 Installed: perl-Thread-Queue-3.02-2.el7.noarch
Jun 06 19:55:07 Installed: boost-thread-1.53.0-27.el7.x86_64
Jun 06 19:55:07 Installed: libgfortran-4.8.5-36.el7_6.2.x86_64
Jun 06 19:55:08 Installed: libquadmath-devel-4.8.5-36.el7_6.2.x86_64
Jun 06 19:55:09 Installed: elfutils-0.172-2.el7.x86_64
Jun 06 19:55:09 Installed: pakchois-0.4-10.el7.x86_64
Jun 06 19:55:09 Installed: dwz-0.11-3.el7.x86_64
Jun 06 19:55:10 Installed: perl-TermReadKey-2.30-20.el7.x86_64
Jun 06 19:55:25 Installed: git-1.8.3.1-20.el7.x86_64
Jun 06 19:55:25 Installed: perl-Git-1.8.3.1-20.el7.noarch
Jun 06 19:55:34 Installed: libstdc++-devel-4.8.5-36.el7_6.2.x86_64
Jun 06 19:55:47 Installed: systemtap-devel-3.3-3.el7.x86_64
Jun 06 19:55:48 Installed: efivar-libs-36-11.el7_6.1.x86_64
Jun 06 19:55:48 Installed: mokutil-15-2.el7.centos.x86_64
Jun 06 19:55:49 Installed: perl-Data-Dumper-2.145-3.el7.x86_64
Jun 06 19:55:50 Installed: autoconf-2.69-11.el7.noarch
Jun 06 19:55:51 Installed: perl-srpm-macros-1-8.el7.noarch
Jun 06 19:55:51 Installed: redhat-rpm-config-9.1.0-87.el7.centos.noarch
Jun 06 19:55:52 Installed: boost-date-time-1.53.0-27.el7.x86_64
Jun 06 19:55:52 Installed: libmodman-2.0.1-8.el7.x86_64
Jun 06 19:55:53 Installed: libproxy-0.4.11-11.el7.x86_64
Jun 06 19:55:53 Installed: gettext-common-devel-0.19.8.1-2.el7.noarch
Jun 06 19:55:55 Installed: gettext-devel-0.19.8.1-2.el7.x86_64
Jun 06 19:56:00 Installed: gdb-7.6.1-114.el7.x86_64
Jun 06 19:56:01 Installed: perl-Test-Harness-3.28-3.el7.noarch
Jun 06 19:56:04 Installed: automake-1.13.4-3.el7.noarch
Jun 06 19:56:04 Installed: nettle-2.7.1-8.el7.x86_64
Jun 06 19:56:05 Installed: 1:emacs-filesystem-24.3-22.el7.noarch
Jun 06 19:56:05 Installed: libdwarf-20130207-4.el7.x86_64
Jun 06 19:56:10 Installed: dyninst-9.3.1-2.el7.x86_64
Jun 06 19:56:12 Installed: systemtap-runtime-3.3-3.el7.x86_64
Jun 06 19:56:28 Installed: systemtap-client-3.3-3.el7.x86_64
Jun 06 19:56:30 Installed: perl-XML-Parser-2.41-10.el7.x86_64
Jun 06 19:56:34 Installed: trousers-0.3.14-2.el7.x86_64
Jun 06 19:56:35 Installed: gnutls-3.3.29-9.el7_6.x86_64
Jun 06 19:56:37 Installed: neon-0.30.0-3.el7.x86_64
Jun 06 19:56:39 Installed: subversion-libs-1.7.14-14.el7.x86_64
Jun 06 19:56:43 Installed: subversion-1.7.14-14.el7.x86_64
Jun 06 19:56:43 Installed: intltool-0.50.2-7.el7.noarch
Jun 06 19:56:44 Installed: systemtap-3.3-3.el7.x86_64
Jun 06 19:56:45 Installed: cscope-15.8-10.el7.x86_64
Jun 06 19:56:46 Installed: libtool-2.4.2-22.el7_3.x86_64
Jun 06 19:56:47 Installed: rpm-build-4.11.3-35.el7.x86_64
Jun 06 19:56:55 Installed: gcc-c++-4.8.5-36.el7_6.2.x86_64
Jun 06 19:57:02 Installed: gcc-gfortran-4.8.5-36.el7_6.2.x86_64
Jun 06 19:57:04 Installed: flex-2.5.37-6.el7.x86_64
Jun 06 19:57:05 Installed: bison-3.0.4-2.el7.x86_64
Jun 06 19:57:06 Installed: diffstat-1.57-4.el7.x86_64
Jun 06 19:57:07 Installed: patchutils-0.3.3-4.el7.x86_64
Jun 06 19:57:08 Installed: indent-2.2.11-13.el7.x86_64
Jun 06 19:57:08 Installed: rpm-sign-4.11.3-35.el7.x86_64
Jun 06 19:57:17 Installed: swig-2.0.10-5.el7.x86_64
Jun 06 19:57:18 Installed: rcs-5.9.0-5.el7.x86_64
Jun 06 19:57:35 Installed: 1:doxygen-1.8.5-3.el7.x86_64
Jun 06 19:57:36 Installed: byacc-1.9.20130304-3.el7.x86_64
Jun 06 19:57:36 Installed: ctags-5.8-13.el7.x86_64
Jun 06 20:02:03 Installed: libcom_err-devel-1.42.9-13.el7.x86_64
Jun 06 20:02:04 Installed: libsepol-devel-2.5-10.el7.x86_64
Jun 06 20:02:06 Installed: pcre-devel-8.32-17.el7.x86_64
Jun 06 20:02:09 Installed: libselinux-devel-2.5-14.1.el7.x86_64
Jun 06 20:02:10 Installed: libkadm5-1.15.1-37.el7_6.x86_64
Jun 06 20:02:10 Installed: zlib-devel-1.2.7-18.el7.x86_64
Jun 06 20:02:10 Installed: libverto-devel-0.2.5-4.el7.x86_64
Jun 06 20:02:11 Installed: keyutils-libs-devel-1.5.8-3.el7.x86_64
Jun 06 20:02:13 Installed: krb5-devel-1.15.1-37.el7_6.x86_64
Jun 06 20:02:24 Installed: 1:openssl-devel-1.0.2k-16.el7_6.1.x86_64
Jun 06 20:02:25 Installed: bc-1.06.95-13.el7.x86_64
Jun 06 20:02:32 Installed: ncurses-devel-5.9-14.20130511.el7_4.x86_64
Jun 06 21:15:03 Installed: elfutils-libelf-devel-0.172-2.el7.x86_64
